[JavaFX Application Thread] ERROR bg.tuvarna.sit.real_estate_proj.data.access.Connection  - Initial SessionFactory created failed java.lang.NoClassDefFoundError: java/sql/SQLException
[JavaFX Application Thread] ERROR bg.tuvarna.sit.real_estate_proj.data.access.Connection  - Initial SessionFactory created failed java.lang.NoClassDefFoundError: java/sql/SQLException
[JavaFX Application Thread] ERROR bg.tuvarna.sit.real_estate_proj.data.access.Connection  - Initial SessionFactory created failed java.lang.NoClassDefFoundError: java/sql/SQLException
[JavaFX Application Thread] ERROR bg.tuvarna.sit.real_estate_proj.data.access.Connection  - Initial SessionFactory created failed java.lang.NoClassDefFoundError: java/sql/SQLException
[JavaFX Application Thread] ERROR bg.tuvarna.sit.real_estate_proj.data.access.Connection  - Initial SessionFactory created failed java.lang.NoClassDefFoundError: java/sql/SQLException
[JavaFX Application Thread] ERROR bg.tuvarna.sit.real_estate_proj.data.access.Connection  - Initial SessionFactory created failed java.lang.NoClassDefFoundError: java/sql/SQLException
[JavaFX Application Thread] ERROR bg.tuvarna.sit.real_estate_proj.data.access.Connection  - Initial SessionFactory created failed java.lang.NoClassDefFoundError: java/sql/SQLException
[JavaFX Application Thread] ERROR bg.tuvarna.sit.real_estate_proj.data.access.Connection  - Initial SessionFactory created failed java.lang.NoClassDefFoundError: java/sql/SQLException
[JavaFX Application Thread] ERROR bg.tuvarna.sit.real_estate_proj.data.access.Connection  - Initial SessionFactory created failed java.lang.NoClassDefFoundError: java/sql/SQLException
[JavaFX Application Thread] ERROR bg.tuvarna.sit.real_estate_proj.data.access.Connection  - Initial SessionFactory created failed java.lang.NoClassDefFoundError: java/sql/SQLException
[JavaFX Application Thread] ERROR bg.tuvarna.sit.real_estate_proj.data.access.Connection  - Initial SessionFactory created failed java.lang.NoClassDefFoundError: java/sql/SQLException
[JavaFX Application Thread] ERROR bg.tuvarna.sit.real_estate_proj.data.access.Connection  - Initial SessionFactory created failed org.hibernate.AnnotationException: mappedBy reference an unknown target entity property: bg.tuvarna.sit.real_estate_proj.data.entities.RealEstate.eventCity in bg.tuvarna.sit.real_estate_proj.data.entities.EstateCity.estates
[JavaFX Application Thread] ERROR bg.tuvarna.sit.real_estate_proj.data.access.Connection  - Initial SessionFactory created failed org.hibernate.AnnotationException: mappedBy reference an unknown target entity property: bg.tuvarna.sit.real_estate_proj.data.entities.RealEstate.eventCurrency in bg.tuvarna.sit.real_estate_proj.data.entities.EstateCurrency.estates
[JavaFX Application Thread] ERROR bg.tuvarna.sit.real_estate_proj.data.repositories.UserRepository  - Get User error: No entity found for query
[JavaFX Application Thread] ERROR bg.tuvarna.sit.real_estate_proj.data.repositories.UserRepository  - Get User error: No entity found for query
[JavaFX Application Thread] ERROR bg.tuvarna.sit.real_estate_proj.data.repositories.UserRepository  - Get User error: org.hibernate.WrongClassException: Object [id=1] was not of the specified subclass [bg.tuvarna.sit.real_estate_proj.data.entities.User] : Discriminator: null
[JavaFX Application Thread] ERROR bg.tuvarna.sit.real_estate_proj.data.repositories.UserRepository  - Get User error: org.hibernate.WrongClassException: Object [id=1] was not of the specified subclass [bg.tuvarna.sit.real_estate_proj.data.entities.User] : Discriminator: null
[JavaFX Application Thread] ERROR bg.tuvarna.sit.real_estate_proj.data.repositories.UserRepository  - Get User error: No entity found for query
[JavaFX Application Thread] ERROR bg.tuvarna.sit.real_estate_proj.data.repositories.UserRepository  - Get User error: No entity found for query
[JavaFX Application Thread] ERROR bg.tuvarna.sit.real_estate_proj.data.repositories.UserRepository  - User delete error attempt to create delete event with null entity
[JavaFX Application Thread] ERROR bg.tuvarna.sit.real_estate_proj.data.repositories.UserRepository  - Get User error: No entity found for query
[JavaFX Application Thread] ERROR bg.tuvarna.sit.real_estate_proj.data.repositories.UserRepository  - Get User error: No entity found for query
[JavaFX Application Thread] ERROR bg.tuvarna.sit.real_estate_proj.data.repositories.UserRepository  - Get User error: No entity found for query
[JavaFX Application Thread] ERROR bg.tuvarna.sit.real_estate_proj.data.repositories.UserRepository  - Get User error: No entity found for query
[JavaFX Application Thread] ERROR bg.tuvarna.sit.real_estate_proj.data.repositories.UserRepository  - Get User error: No entity found for query
[JavaFX Application Thread] ERROR bg.tuvarna.sit.real_estate_proj.data.repositories.RealEstateRepository  - Get real estate error: No entity found for query
[JavaFX Application Thread] ERROR bg.tuvarna.sit.real_estate_proj.data.repositories.RealEstateRepository  - Get real estate error: No entity found for query
[JavaFX Application Thread] ERROR bg.tuvarna.sit.real_estate_proj.data.repositories.RealEstateRepository  - Get real estate error: Named parameter not bound : owner
[JavaFX Application Thread] ERROR bg.tuvarna.sit.real_estate_proj.data.repositories.RealEstateRepository  - Get real estate error: Named parameter not bound : owner
[JavaFX Application Thread] ERROR bg.tuvarna.sit.real_estate_proj.data.repositories.RealEstateRepository  - Get real estate error: Named parameter not bound : owner
[JavaFX Application Thread] ERROR bg.tuvarna.sit.real_estate_proj.data.repositories.RealEstateRepository  - Get real estate error: Named parameter not bound : owner
[JavaFX Application Thread] ERROR bg.tuvarna.sit.real_estate_proj.data.repositories.RealEstateRepository  - Get real estate error: Named parameter not bound : price
[JavaFX Application Thread] ERROR bg.tuvarna.sit.real_estate_proj.data.repositories.RealEstateRepository  - Get real estate error: No entity found for query
[JavaFX Application Thread] ERROR bg.tuvarna.sit.real_estate_proj.data.repositories.RealEstateRepository  - Get real estate error: Named parameter not bound : name
[JavaFX Application Thread] ERROR bg.tuvarna.sit.real_estate_proj.data.repositories.RealEstateRepository  - Get real estate error: Named parameter not bound : name
[JavaFX Application Thread] ERROR bg.tuvarna.sit.real_estate_proj.data.repositories.RealEstateRepository  - Get real estate error: Named parameter not bound : name
[JavaFX Application Thread] ERROR bg.tuvarna.sit.real_estate_proj.data.repositories.RealEstateRepository  - Get real estate error: Named parameter not bound : name
[JavaFX Application Thread] ERROR bg.tuvarna.sit.real_estate_proj.data.repositories.RealEstateRepository  - Get real estate error: Named parameter not bound : name
[JavaFX Application Thread] ERROR bg.tuvarna.sit.real_estate_proj.data.repositories.RealEstateRepository  - Get estate error: class java.lang.String cannot be cast to class java.lang.Double (java.lang.String and java.lang.Double are in module java.base of loader 'bootstrap')
[JavaFX Application Thread] ERROR bg.tuvarna.sit.real_estate_proj.data.repositories.RealEstateRepository  - Get estate error: class java.lang.String cannot be cast to class java.lang.Double (java.lang.String and java.lang.Double are in module java.base of loader 'bootstrap')
[JavaFX Application Thread] ERROR bg.tuvarna.sit.real_estate_proj.data.repositories.RealEstateRepository  - Get estate error: class java.lang.String cannot be cast to class java.lang.Double (java.lang.String and java.lang.Double are in module java.base of loader 'bootstrap')
[JavaFX Application Thread] ERROR bg.tuvarna.sit.real_estate_proj.data.repositories.RealEstateRepository  - Get estate error: class java.lang.String cannot be cast to class java.lang.Double (java.lang.String and java.lang.Double are in module java.base of loader 'bootstrap')
[JavaFX Application Thread] ERROR bg.tuvarna.sit.real_estate_proj.data.repositories.RealEstateRepository  - Get real estate error: No entity found for query
[JavaFX Application Thread] ERROR bg.tuvarna.sit.real_estate_proj.data.repositories.RealEstateRepository  - Get real estate error: org.hibernate.HibernateException: collection was evicted
[JavaFX Application Thread] ERROR bg.tuvarna.sit.real_estate_proj.data.repositories.UserRepository  - Get User error: No entity found for query
[JavaFX Application Thread] ERROR bg.tuvarna.sit.real_estate_proj.data.repositories.UserRepository  - Get User error: No entity found for query
